[34m[INFO][0m Starting project setup...
[34m[INFO][0m Checking for virtual environment
[33m[WARNING][0m Virtual Environment Exists, Activating
[32m[SUCCESS][0m Virtual Environment Activated
[34m[INFO][0m Upgrading pip version
Requirement already satisfied: pip in ./venv/lib/python3.12/site-packages (25.3)
[32m[SUCCESS][0m Pip upgraded to latest version
[34m[INFO][0m checking for .gitignore
[33m[WARNING][0m .gitignore file exists, skip creation
[34m[INFO][0m Installing Python packages (requests, pandas)...
[33m[WARNING][0m requests already installed — skipping.
[33m[WARNING][0m pandas already installed — skipping.
[32m[SUCCESS][0m Setup complete!
[2025-11-15 19:24:41] [34m[INFO][0m Starting project setup...
[2025-11-15 19:24:41] [34m[INFO][0m Checking for virtual environment
[2025-11-15 19:24:41] [33m[WARNING][0m Virtual Environment Exists, Activating
[2025-11-15 19:24:41] [32m[SUCCESS][0m Virtual Environment Activated
[2025-11-15 19:24:41] [34m[INFO][0m Upgrading pip version
[2025-11-15 19:24:41] Requirement already satisfied: pip in ./venv/lib/python3.12/site-packages (25.3)
[2025-11-15 19:24:42] [32m[SUCCESS][0m Pip upgraded to latest version
[2025-11-15 19:24:42] [34m[INFO][0m checking for .gitignore
[2025-11-15 19:24:42] [33m[WARNING][0m .gitignore file exists, skip creation
[2025-11-15 19:24:42] [34m[INFO][0m Installing Python packages (requests, pandas)...
[2025-11-15 19:24:42] [33m[WARNING][0m requests already installed — skipping.
[2025-11-15 19:24:42] [33m[WARNING][0m pandas already installed — skipping.
[2025-11-15 19:24:42] [32m[SUCCESS][0m Setup complete!
[2025-11-15 19:26:03] [34m[INFO][0m Starting project setup...
[2025-11-15 19:26:03] [34m[INFO][0m Checking for virtual environment
[2025-11-15 19:26:03] [34m[INFO][0m Creating Virtual Environment.
[2025-11-15 19:26:06] [32m[SUCCESS][0m Virtual Environment Activated
[2025-11-15 19:26:06] [34m[INFO][0m Upgrading pip version
[2025-11-15 19:26:06] Requirement already satisfied: pip in ./venv/lib/python3.12/site-packages (24.0)
[2025-11-15 19:26:07] Collecting pip
[2025-11-15 19:26:07]   Using cached pip-25.3-py3-none-any.whl.metadata (4.7 kB)
[2025-11-15 19:26:07] Using cached pip-25.3-py3-none-any.whl (1.8 MB)
[2025-11-15 19:26:07] Installing collected packages: pip
[2025-11-15 19:26:07]   Attempting uninstall: pip
[2025-11-15 19:26:07]     Found existing installation: pip 24.0
[2025-11-15 19:26:07]     Uninstalling pip-24.0:
[2025-11-15 19:26:07]       Successfully uninstalled pip-24.0
[2025-11-15 19:26:08] Successfully installed pip-25.3
[2025-11-15 19:26:08] [32m[SUCCESS][0m Pip upgraded to latest version
[2025-11-15 19:26:08] [34m[INFO][0m checking for .gitignore
[2025-11-15 19:26:08] [33m[WARNING][0m .gitignore file exists, skip creation
[2025-11-15 19:26:08] [34m[INFO][0m Installing Python packages (requests, pandas)...
[2025-11-15 19:26:09] Collecting requests
[2025-11-15 19:26:09]   Using cached requests-2.32.5-py3-none-any.whl.metadata (4.9 kB)
[2025-11-15 19:26:10] Collecting charset_normalizer<4,>=2 (from requests)
[2025-11-15 19:26:10]   Using cached charset_normalizer-3.4.4-cp312-cp312-manylinux2014_x86_64.manylinux_2_17_x86_64.manylinux_2_28_x86_64.whl.metadata (37 kB)
[2025-11-15 19:26:10] Collecting idna<4,>=2.5 (from requests)
[2025-11-15 19:26:10]   Using cached idna-3.11-py3-none-any.whl.metadata (8.4 kB)
[2025-11-15 19:26:10] Collecting urllib3<3,>=1.21.1 (from requests)
[2025-11-15 19:26:10]   Using cached urllib3-2.5.0-py3-none-any.whl.metadata (6.5 kB)
[2025-11-15 19:26:11] Collecting certifi>=2017.4.17 (from requests)
[2025-11-15 19:26:11]   Using cached certifi-2025.11.12-py3-none-any.whl.metadata (2.5 kB)
[2025-11-15 19:26:11] Using cached requests-2.32.5-py3-none-any.whl (64 kB)
[2025-11-15 19:26:11] Using cached charset_normalizer-3.4.4-cp312-cp312-manylinux2014_x86_64.manylinux_2_17_x86_64.manylinux_2_28_x86_64.whl (153 kB)
[2025-11-15 19:26:11] Using cached idna-3.11-py3-none-any.whl (71 kB)
[2025-11-15 19:26:11] Using cached urllib3-2.5.0-py3-none-any.whl (129 kB)
[2025-11-15 19:26:11] Using cached certifi-2025.11.12-py3-none-any.whl (159 kB)
[2025-11-15 19:26:11] Installing collected packages: urllib3, idna, charset_normalizer, certifi, requests
[2025-11-15 19:26:11] 
[2025-11-15 19:26:11] Successfully installed certifi-2025.11.12 charset_normalizer-3.4.4 idna-3.11 requests-2.32.5 urllib3-2.5.0
[2025-11-15 19:26:11] [32m[SUCCESS][0m Installed requests.
[2025-11-15 19:26:13] Collecting pandas
[2025-11-15 19:26:13]   Using cached pandas-2.3.3-cp312-cp312-manylinux_2_24_x86_64.manylinux_2_28_x86_64.whl.metadata (91 kB)
[2025-11-15 19:26:13] Collecting numpy>=1.26.0 (from pandas)
[2025-11-15 19:26:13]   Using cached numpy-2.3.4-cp312-cp312-manylinux_2_27_x86_64.manylinux_2_28_x86_64.whl.metadata (62 kB)
[2025-11-15 19:26:13] Collecting python-dateutil>=2.8.2 (from pandas)
[2025-11-15 19:26:13]   Using cached python_dateutil-2.9.0.post0-py2.py3-none-any.whl.metadata (8.4 kB)
[2025-11-15 19:26:14] Collecting pytz>=2020.1 (from pandas)
[2025-11-15 19:26:14]   Using cached pytz-2025.2-py2.py3-none-any.whl.metadata (22 kB)
[2025-11-15 19:26:14] Collecting tzdata>=2022.7 (from pandas)
[2025-11-15 19:26:14]   Using cached tzdata-2025.2-py2.py3-none-any.whl.metadata (1.4 kB)
[2025-11-15 19:26:14] Collecting six>=1.5 (from python-dateutil>=2.8.2->pandas)
[2025-11-15 19:26:14]   Using cached six-1.17.0-py2.py3-none-any.whl.metadata (1.7 kB)
[2025-11-15 19:26:14] Using cached pandas-2.3.3-cp312-cp312-manylinux_2_24_x86_64.manylinux_2_28_x86_64.whl (12.4 MB)
[2025-11-15 19:26:14] Using cached numpy-2.3.4-cp312-cp312-manylinux_2_27_x86_64.manylinux_2_28_x86_64.whl (16.6 MB)
[2025-11-15 19:26:14] Using cached python_dateutil-2.9.0.post0-py2.py3-none-any.whl (229 kB)
[2025-11-15 19:26:14] Using cached pytz-2025.2-py2.py3-none-any.whl (509 kB)
[2025-11-15 19:26:14] Using cached six-1.17.0-py2.py3-none-any.whl (11 kB)
[2025-11-15 19:26:14] Using cached tzdata-2025.2-py2.py3-none-any.whl (347 kB)
[2025-11-15 19:26:14] Installing collected packages: pytz, tzdata, six, numpy, python-dateutil, pandas
[2025-11-15 19:26:22] 
[2025-11-15 19:26:22] Successfully installed numpy-2.3.4 pandas-2.3.3 python-dateutil-2.9.0.post0 pytz-2025.2 six-1.17.0 tzdata-2025.2
[2025-11-15 19:26:22] [32m[SUCCESS][0m Installed pandas.
[2025-11-15 19:26:22] [32m[SUCCESS][0m Setup complete!
